# JRE version: Java(TM) SE Runtime Environment 18.9 (11.0.13+10) (build 11.0.13+10-LTS-370)
# Java VM: Java HotSpot(TM) 64-Bit Server VM 18.9 (11.0.13+10-LTS-370, mixed mode, tiered, compressed oops, g1 gc, windows-amd64)
Heap:
 garbage-first heap   total 258048K, used 30079K [0x0000000704000000, 0x0000000800000000)
  region size 1024K, 22 young (22528K), 2 survivors (2048K)
 Metaspace       used 16443K, capacity 16605K, committed 16768K, reserved 1064960K
  class space    used 2006K, capacity 2075K, committed 2176K, reserved 1048576K
GC Heap History (6 events):
Event: 0.490 GC heap before
{Heap before GC invocations=0 (full 0):
 garbage-first heap   total 258048K, used 25600K [0x0000000704000000, 0x0000000800000000)
  region size 1024K, 24 young (24576K), 0 survivors (0K)
 Metaspace       used 9954K, capacity 10081K, committed 10240K, reserved 1058816K
  class space    used 879K, capacity 911K, committed 1024K, reserved 1048576K
}
Event: 0.493 GC heap after
{Heap after GC invocations=1 (full 0):
 garbage-first heap   total 258048K, used 9029K [0x0000000704000000, 0x0000000800000000)
  region size 1024K, 3 young (3072K), 3 survivors (3072K)
 Metaspace       used 9954K, capacity 10081K, committed 10240K, reserved 1058816K
  class space    used 879K, capacity 911K, committed 1024K, reserved 1048576K
}
Event: 14.473 GC heap before
{Heap before GC invocations=1 (full 0):
 garbage-first heap   total 258048K, used 31557K [0x0000000704000000, 0x0000000800000000)
  region size 1024K, 25 young (25600K), 3 survivors (3072K)
 Metaspace       used 12208K, capacity 12385K, committed 12544K, reserved 1060864K
  class space    used 1170K, capacity 1230K, committed 1280K, reserved 1048576K
}
Event: 14.475 GC heap after
{Heap after GC invocations=2 (full 0):
 garbage-first heap   total 258048K, used 10177K [0x0000000704000000, 0x0000000800000000)
  region size 1024K, 1 young (1024K), 1 survivors (1024K)
 Metaspace       used 12208K, capacity 12385K, committed 12544K, reserved 1060864K
  class space    used 1170K, capacity 1230K, committed 1280K, reserved 1048576K
}
Event: 32.856 GC heap before
{Heap before GC invocations=2 (full 0):
 garbage-first heap   total 258048K, used 62401K [0x0000000704000000, 0x0000000800000000)
  region size 1024K, 52 young (53248K), 1 survivors (1024K)
 Metaspace       used 15343K, capacity 15510K, committed 15744K, reserved 1062912K
  class space    used 1787K, capacity 1843K, committed 1920K, reserved 1048576K
}
Event: 32.857 GC heap after
{Heap after GC invocations=3 (full 0):
 garbage-first heap   total 258048K, used 10623K [0x0000000704000000, 0x0000000800000000)
  region size 1024K, 2 young (2048K), 2 survivors (2048K)
 Metaspace       used 15343K, capacity 15510K, committed 15744K, reserved 1062912K
  class space    used 1787K, capacity 1843K, committed 1920K, reserved 1048576K
}

